0 info it worked if it ends with ok
1 verbose cli [ '/usr/local/bin/node', '/usr/local/bin/npm', 'run', 'seed' ]
2 info using npm@3.10.10
3 info using node@v6.11.3
4 verbose run-script [ 'preseed', 'seed', 'postseed' ]
5 info lifecycle signals@1.0.0~preseed: signals@1.0.0
6 silly lifecycle signals@1.0.0~preseed: no script for preseed, continuing
7 info lifecycle signals@1.0.0~seed: signals@1.0.0
8 verbose lifecycle signals@1.0.0~seed: unsafe-perm in lifecycle true
9 verbose lifecycle signals@1.0.0~seed: PATH: /usr/local/lib/node_modules/npm/bin/node-gyp-bin:/Users/katballo/Desktop/signals/node_modules/.bin:/usr/local/bin:/usr/bin:/bin:/usr/sbin:/sbin:/Applications/Postgres.app/Contents/Versions/latest/bin
10 verbose lifecycle signals@1.0.0~seed: CWD: /Users/katballo/Desktop/signals
11 silly lifecycle signals@1.0.0~seed: Args: [ '-c', 'node signals_seed.js' ]
12 silly lifecycle signals@1.0.0~seed: Returned: code: 1  signal: null
13 info lifecycle signals@1.0.0~seed: Failed to exec seed script
14 verbose stack Error: signals@1.0.0 seed: `node signals_seed.js`
14 verbose stack Exit status 1
14 verbose stack     at EventEmitter.<anonymous> (/usr/local/lib/node_modules/npm/lib/utils/lifecycle.js:255:16)
14 verbose stack     at emitTwo (events.js:106:13)
14 verbose stack     at EventEmitter.emit (events.js:191:7)
14 verbose stack     at ChildProcess.<anonymous> (/usr/local/lib/node_modules/npm/lib/utils/spawn.js:40:14)
14 verbose stack     at emitTwo (events.js:106:13)
14 verbose stack     at ChildProcess.emit (events.js:191:7)
14 verbose stack     at maybeClose (internal/child_process.js:920:16)
14 verbose stack     at Process.ChildProcess._handle.onexit (internal/child_process.js:230:5)
15 verbose pkgid signals@1.0.0
16 verbose cwd /Users/katballo/Desktop/signals
17 error Darwin 17.3.0
18 error argv "/usr/local/bin/node" "/usr/local/bin/npm" "run" "seed"
19 error node v6.11.3
20 error npm  v3.10.10
21 error code ELIFECYCLE
22 error signals@1.0.0 seed: `node signals_seed.js`
22 error Exit status 1
23 error Failed at the signals@1.0.0 seed script 'node signals_seed.js'.
23 error Make sure you have the latest version of node.js and npm installed.
23 error If you do, this is most likely a problem with the signals package,
23 error not with npm itself.
23 error Tell the author that this fails on your system:
23 error     node signals_seed.js
23 error You can get information on how to open an issue for this project with:
23 error     npm bugs signals
23 error Or if that isn't available, you can get their info via:
23 error     npm owner ls signals
23 error There is likely additional logging output above.
24 verbose exit [ 1, true ]
